CRITICAL - 2024-02-29 04:20:51 --> Invalid file: login/view.php
#0 C:\xampp\htdocs\fresa\system\View\View.php(198): CodeIgniter\Exceptions\FrameworkException::forInvalidFile('login/view.php')
#1 C:\xampp\htdocs\fresa\system\Common.php(1089): CodeIgniter\View\View->render('login/view', Array, true)
#2 C:\xampp\htdocs\fresa\app\Controllers\Home.php(20): view('login/view')
#3 C:\xampp\htdocs\fresa\system\CodeIgniter.php(832): App\Controllers\Home->index()
#4 C:\xampp\htdocs\fresa\system\CodeIgniter.php(419): CodeIgniter\CodeIgniter->runController(Object(App\Controllers\Home))
#5 C:\xampp\htdocs\fresa\system\CodeIgniter.php(326): CodeIgniter\CodeIgniter->handleRequest(NULL, Object(Config\Cache), false)
#6 C:\xampp\htdocs\fresa\public\index.php(37): CodeIgniter\CodeIgniter->run()
#7 C:\xampp\htdocs\fresa\system\Commands\Server\rewrite.php(43): require_once('C:\\xampp\\htdocs...')
#8 {main}
CRITICAL - 2024-02-29 04:20:52 --> Invalid file: login/view.php
#0 C:\xampp\htdocs\fresa\system\View\View.php(198): CodeIgniter\Exceptions\FrameworkException::forInvalidFile('login/view.php')
#1 C:\xampp\htdocs\fresa\system\Common.php(1089): CodeIgniter\View\View->render('login/view', Array, true)
#2 C:\xampp\htdocs\fresa\app\Controllers\Home.php(20): view('login/view')
#3 C:\xampp\htdocs\fresa\system\CodeIgniter.php(832): App\Controllers\Home->index()
#4 C:\xampp\htdocs\fresa\system\CodeIgniter.php(419): CodeIgniter\CodeIgniter->runController(Object(App\Controllers\Home))
#5 C:\xampp\htdocs\fresa\system\CodeIgniter.php(326): CodeIgniter\CodeIgniter->handleRequest(NULL, Object(Config\Cache), false)
#6 C:\xampp\htdocs\fresa\public\index.php(37): CodeIgniter\CodeIgniter->run()
#7 C:\xampp\htdocs\fresa\system\Commands\Server\rewrite.php(43): require_once('C:\\xampp\\htdocs...')
#8 {main}
CRITICAL - 2024-02-29 04:22:25 --> Invalid file: footer.php
#0 C:\xampp\htdocs\fresa\system\View\View.php(198): CodeIgniter\Exceptions\FrameworkException::forInvalidFile('footer.php')
#1 C:\xampp\htdocs\fresa\system\Common.php(1089): CodeIgniter\View\View->render('footer', Array, true)
#2 C:\xampp\htdocs\fresa\app\Controllers\Home.php(23): view('footer')
#3 C:\xampp\htdocs\fresa\system\CodeIgniter.php(832): App\Controllers\Home->index()
#4 C:\xampp\htdocs\fresa\system\CodeIgniter.php(419): CodeIgniter\CodeIgniter->runController(Object(App\Controllers\Home))
#5 C:\xampp\htdocs\fresa\system\CodeIgniter.php(326): CodeIgniter\CodeIgniter->handleRequest(NULL, Object(Config\Cache), false)
#6 C:\xampp\htdocs\fresa\public\index.php(37): CodeIgniter\CodeIgniter->run()
#7 C:\xampp\htdocs\fresa\system\Commands\Server\rewrite.php(43): require_once('C:\\xampp\\htdocs...')
#8 {main}
CRITICAL - 2024-02-29 04:23:16 --> Invalid file: footer.php
#0 C:\xampp\htdocs\fresa\system\View\View.php(198): CodeIgniter\Exceptions\FrameworkException::forInvalidFile('footer.php')
#1 C:\xampp\htdocs\fresa\system\Common.php(1089): CodeIgniter\View\View->render('footer', Array, true)
#2 C:\xampp\htdocs\fresa\app\Controllers\Home.php(23): view('footer')
#3 C:\xampp\htdocs\fresa\system\CodeIgniter.php(832): App\Controllers\Home->index()
#4 C:\xampp\htdocs\fresa\system\CodeIgniter.php(419): CodeIgniter\CodeIgniter->runController(Object(App\Controllers\Home))
#5 C:\xampp\htdocs\fresa\system\CodeIgniter.php(326): CodeIgniter\CodeIgniter->handleRequest(NULL, Object(Config\Cache), false)
#6 C:\xampp\htdocs\fresa\public\index.php(37): CodeIgniter\CodeIgniter->run()
#7 C:\xampp\htdocs\fresa\system\Commands\Server\rewrite.php(43): require_once('C:\\xampp\\htdocs...')
#8 {main}
CRITICAL - 2024-02-29 04:23:32 --> Invalid file: footer.php
#0 C:\xampp\htdocs\fresa\system\View\View.php(198): CodeIgniter\Exceptions\FrameworkException::forInvalidFile('footer.php')
#1 C:\xampp\htdocs\fresa\system\Common.php(1089): CodeIgniter\View\View->render('footer', Array, true)
#2 C:\xampp\htdocs\fresa\app\Controllers\Home.php(23): view('footer')
#3 C:\xampp\htdocs\fresa\system\CodeIgniter.php(832): App\Controllers\Home->index()
#4 C:\xampp\htdocs\fresa\system\CodeIgniter.php(419): CodeIgniter\CodeIgniter->runController(Object(App\Controllers\Home))
#5 C:\xampp\htdocs\fresa\system\CodeIgniter.php(326): CodeIgniter\CodeIgniter->handleRequest(NULL, Object(Config\Cache), false)
#6 C:\xampp\htdocs\fresa\public\index.php(37): CodeIgniter\CodeIgniter->run()
#7 C:\xampp\htdocs\fresa\system\Commands\Server\rewrite.php(43): require_once('C:\\xampp\\htdocs...')
#8 {main}
CRITICAL - 2024-02-29 04:23:39 --> Invalid file: footer.php
#0 C:\xampp\htdocs\fresa\system\View\View.php(198): CodeIgniter\Exceptions\FrameworkException::forInvalidFile('footer.php')
#1 C:\xampp\htdocs\fresa\system\Common.php(1089): CodeIgniter\View\View->render('footer', Array, true)
#2 C:\xampp\htdocs\fresa\app\Controllers\Home.php(23): view('footer')
#3 C:\xampp\htdocs\fresa\system\CodeIgniter.php(832): App\Controllers\Home->index()
#4 C:\xampp\htdocs\fresa\system\CodeIgniter.php(419): CodeIgniter\CodeIgniter->runController(Object(App\Controllers\Home))
#5 C:\xampp\htdocs\fresa\system\CodeIgniter.php(326): CodeIgniter\CodeIgniter->handleRequest(NULL, Object(Config\Cache), false)
#6 C:\xampp\htdocs\fresa\public\index.php(37): CodeIgniter\CodeIgniter->run()
#7 C:\xampp\htdocs\fresa\system\Commands\Server\rewrite.php(43): require_once('C:\\xampp\\htdocs...')
#8 {main}
CRITICAL - 2024-02-29 04:23:40 --> Invalid file: footer.php
#0 C:\xampp\htdocs\fresa\system\View\View.php(198): CodeIgniter\Exceptions\FrameworkException::forInvalidFile('footer.php')
#1 C:\xampp\htdocs\fresa\system\Common.php(1089): CodeIgniter\View\View->render('footer', Array, true)
#2 C:\xampp\htdocs\fresa\app\Controllers\Home.php(23): view('footer')
#3 C:\xampp\htdocs\fresa\system\CodeIgniter.php(832): App\Controllers\Home->index()
#4 C:\xampp\htdocs\fresa\system\CodeIgniter.php(419): CodeIgniter\CodeIgniter->runController(Object(App\Controllers\Home))
#5 C:\xampp\htdocs\fresa\system\CodeIgniter.php(326): CodeIgniter\CodeIgniter->handleRequest(NULL, Object(Config\Cache), false)
#6 C:\xampp\htdocs\fresa\public\index.php(37): CodeIgniter\CodeIgniter->run()
#7 C:\xampp\htdocs\fresa\system\Commands\Server\rewrite.php(43): require_once('C:\\xampp\\htdocs...')
#8 {main}
CRITICAL - 2024-02-29 04:23:47 --> Invalid file: footer.php
#0 C:\xampp\htdocs\fresa\system\View\View.php(198): CodeIgniter\Exceptions\FrameworkException::forInvalidFile('footer.php')
#1 C:\xampp\htdocs\fresa\system\Common.php(1089): CodeIgniter\View\View->render('footer', Array, true)
#2 C:\xampp\htdocs\fresa\app\Controllers\Home.php(23): view('footer')
#3 C:\xampp\htdocs\fresa\system\CodeIgniter.php(832): App\Controllers\Home->index()
#4 C:\xampp\htdocs\fresa\system\CodeIgniter.php(419): CodeIgniter\CodeIgniter->runController(Object(App\Controllers\Home))
#5 C:\xampp\htdocs\fresa\system\CodeIgniter.php(326): CodeIgniter\CodeIgniter->handleRequest(NULL, Object(Config\Cache), false)
#6 C:\xampp\htdocs\fresa\public\index.php(37): CodeIgniter\CodeIgniter->run()
#7 C:\xampp\htdocs\fresa\system\Commands\Server\rewrite.php(43): require_once('C:\\xampp\\htdocs...')
#8 {main}
CRITICAL - 2024-02-29 04:24:43 --> Invalid file: footer.php
#0 C:\xampp\htdocs\fresa\system\View\View.php(198): CodeIgniter\Exceptions\FrameworkException::forInvalidFile('footer.php')
#1 C:\xampp\htdocs\fresa\system\Common.php(1089): CodeIgniter\View\View->render('footer', Array, true)
#2 C:\xampp\htdocs\fresa\app\Controllers\Home.php(23): view('footer')
#3 C:\xampp\htdocs\fresa\system\CodeIgniter.php(832): App\Controllers\Home->index()
#4 C:\xampp\htdocs\fresa\system\CodeIgniter.php(419): CodeIgniter\CodeIgniter->runController(Object(App\Controllers\Home))
#5 C:\xampp\htdocs\fresa\system\CodeIgniter.php(326): CodeIgniter\CodeIgniter->handleRequest(NULL, Object(Config\Cache), false)
#6 C:\xampp\htdocs\fresa\public\index.php(37): CodeIgniter\CodeIgniter->run()
#7 C:\xampp\htdocs\fresa\system\Commands\Server\rewrite.php(43): require_once('C:\\xampp\\htdocs...')
#8 {main}
CRITICAL - 2024-02-29 04:25:15 --> Invalid file: footer.php
#0 C:\xampp\htdocs\fresa\system\View\View.php(198): CodeIgniter\Exceptions\FrameworkException::forInvalidFile('footer.php')
#1 C:\xampp\htdocs\fresa\system\Common.php(1089): CodeIgniter\View\View->render('footer', Array, true)
#2 C:\xampp\htdocs\fresa\app\Controllers\Home.php(23): view('footer')
#3 C:\xampp\htdocs\fresa\system\CodeIgniter.php(832): App\Controllers\Home->index()
#4 C:\xampp\htdocs\fresa\system\CodeIgniter.php(419): CodeIgniter\CodeIgniter->runController(Object(App\Controllers\Home))
#5 C:\xampp\htdocs\fresa\system\CodeIgniter.php(326): CodeIgniter\CodeIgniter->handleRequest(NULL, Object(Config\Cache), false)
#6 C:\xampp\htdocs\fresa\public\index.php(37): CodeIgniter\CodeIgniter->run()
#7 C:\xampp\htdocs\fresa\system\Commands\Server\rewrite.php(43): require_once('C:\\xampp\\htdocs...')
#8 {main}
CRITICAL - 2024-02-29 04:29:26 --> Invalid file: dashboard.php
#0 C:\xampp\htdocs\fresa\system\View\View.php(198): CodeIgniter\Exceptions\FrameworkException::forInvalidFile('dashboard.php')
#1 C:\xampp\htdocs\fresa\system\Common.php(1089): CodeIgniter\View\View->render('dashboard', Array, true)
#2 C:\xampp\htdocs\fresa\app\Controllers\dashboard.php(21): view('dashboard', Array)
#3 C:\xampp\htdocs\fresa\system\CodeIgniter.php(832): App\Controllers\dashboard->index()
#4 C:\xampp\htdocs\fresa\system\CodeIgniter.php(419): CodeIgniter\CodeIgniter->runController(Object(App\Controllers\dashboard))
#5 C:\xampp\htdocs\fresa\system\CodeIgniter.php(326): CodeIgniter\CodeIgniter->handleRequest(NULL, Object(Config\Cache), false)
#6 C:\xampp\htdocs\fresa\public\index.php(37): CodeIgniter\CodeIgniter->run()
#7 C:\xampp\htdocs\fresa\system\Commands\Server\rewrite.php(43): require_once('C:\\xampp\\htdocs...')
#8 {main}
CRITICAL - 2024-02-29 04:29:30 --> Invalid file: dashboard.php
#0 C:\xampp\htdocs\fresa\system\View\View.php(198): CodeIgniter\Exceptions\FrameworkException::forInvalidFile('dashboard.php')
#1 C:\xampp\htdocs\fresa\system\Common.php(1089): CodeIgniter\View\View->render('dashboard', Array, true)
#2 C:\xampp\htdocs\fresa\app\Controllers\dashboard.php(21): view('dashboard', Array)
#3 C:\xampp\htdocs\fresa\system\CodeIgniter.php(832): App\Controllers\dashboard->index()
#4 C:\xampp\htdocs\fresa\system\CodeIgniter.php(419): CodeIgniter\CodeIgniter->runController(Object(App\Controllers\dashboard))
#5 C:\xampp\htdocs\fresa\system\CodeIgniter.php(326): CodeIgniter\CodeIgniter->handleRequest(NULL, Object(Config\Cache), false)
#6 C:\xampp\htdocs\fresa\public\index.php(37): CodeIgniter\CodeIgniter->run()
#7 C:\xampp\htdocs\fresa\system\Commands\Server\rewrite.php(43): require_once('C:\\xampp\\htdocs...')
#8 {main}
ERROR - 2024-02-29 04:38:19 --> You have an error in your SQL syntax; check the manual that corresponds to your MariaDB server version for the right syntax to use near 'JOIN `user` ON `user`.`id_user` = `post`.`user_maker`
WHERE `post`.`album` = '1'' at line 4
CRITICAL - 2024-02-29 04:38:19 --> Call to a member function getResult() on bool
#0 C:\xampp\htdocs\fresa\app\Controllers\dashboard.php(62): App\Models\PostModel->getPostsByAlbumm('1', NULL)
#1 C:\xampp\htdocs\fresa\system\CodeIgniter.php(832): App\Controllers\dashboard->viewAlbum('1')
#2 C:\xampp\htdocs\fresa\system\CodeIgniter.php(419): CodeIgniter\CodeIgniter->runController(Object(App\Controllers\dashboard))
#3 C:\xampp\htdocs\fresa\system\CodeIgniter.php(326): CodeIgniter\CodeIgniter->handleRequest(NULL, Object(Config\Cache), false)
#4 C:\xampp\htdocs\fresa\public\index.php(37): CodeIgniter\CodeIgniter->run()
#5 C:\xampp\htdocs\fresa\system\Commands\Server\rewrite.php(43): require_once('C:\\xampp\\htdocs...')
#6 {main}
ERROR - 2024-02-29 04:38:23 --> You have an error in your SQL syntax; check the manual that corresponds to your MariaDB server version for the right syntax to use near 'JOIN `user` ON `user`.`id_user` = `post`.`user_maker`
WHERE `post`.`album` = '1'' at line 4
CRITICAL - 2024-02-29 04:38:23 --> Call to a member function getResult() on bool
#0 C:\xampp\htdocs\fresa\app\Controllers\dashboard.php(62): App\Models\PostModel->getPostsByAlbumm('1', NULL)
#1 C:\xampp\htdocs\fresa\system\CodeIgniter.php(832): App\Controllers\dashboard->viewAlbum('1')
#2 C:\xampp\htdocs\fresa\system\CodeIgniter.php(419): CodeIgniter\CodeIgniter->runController(Object(App\Controllers\dashboard))
#3 C:\xampp\htdocs\fresa\system\CodeIgniter.php(326): CodeIgniter\CodeIgniter->handleRequest(NULL, Object(Config\Cache), false)
#4 C:\xampp\htdocs\fresa\public\index.php(37): CodeIgniter\CodeIgniter->run()
#5 C:\xampp\htdocs\fresa\system\Commands\Server\rewrite.php(43): require_once('C:\\xampp\\htdocs...')
#6 {main}
ERROR - 2024-02-29 04:52:50 --> You have an error in your SQL syntax; check the manual that corresponds to your MariaDB server version for the right syntax to use near 'JOIN `user` ON `user`.`id_user` = `post`.`user_maker`
WHERE `post`.`album` = '2'' at line 4
CRITICAL - 2024-02-29 04:52:50 --> Call to a member function getResult() on bool
#0 C:\xampp\htdocs\fresa\app\Controllers\dashboard.php(62): App\Models\PostModel->getPostsByAlbumm('2', NULL)
#1 C:\xampp\htdocs\fresa\system\CodeIgniter.php(832): App\Controllers\dashboard->viewAlbum('2')
#2 C:\xampp\htdocs\fresa\system\CodeIgniter.php(419): CodeIgniter\CodeIgniter->runController(Object(App\Controllers\dashboard))
#3 C:\xampp\htdocs\fresa\system\CodeIgniter.php(326): CodeIgniter\CodeIgniter->handleRequest(NULL, Object(Config\Cache), false)
#4 C:\xampp\htdocs\fresa\public\index.php(37): CodeIgniter\CodeIgniter->run()
#5 C:\xampp\htdocs\fresa\system\Commands\Server\rewrite.php(43): require_once('C:\\xampp\\htdocs...')
#6 {main}
ERROR - 2024-02-29 04:57:53 --> You have an error in your SQL syntax; check the manual that corresponds to your MariaDB server version for the right syntax to use near 'JOIN `user` ON `user`.`id_user` = `post`.`user_maker`
WHERE `post`.`album` = '1'' at line 4
CRITICAL - 2024-02-29 04:57:53 --> Call to a member function getResult() on bool
#0 C:\xampp\htdocs\fresa\app\Controllers\dashboard.php(62): App\Models\PostModel->getPostsByAlbumm('1', NULL)
#1 C:\xampp\htdocs\fresa\system\CodeIgniter.php(832): App\Controllers\dashboard->viewAlbum('1')
#2 C:\xampp\htdocs\fresa\system\CodeIgniter.php(419): CodeIgniter\CodeIgniter->runController(Object(App\Controllers\dashboard))
#3 C:\xampp\htdocs\fresa\system\CodeIgniter.php(326): CodeIgniter\CodeIgniter->handleRequest(NULL, Object(Config\Cache), false)
#4 C:\xampp\htdocs\fresa\public\index.php(37): CodeIgniter\CodeIgniter->run()
#5 C:\xampp\htdocs\fresa\system\Commands\Server\rewrite.php(43): require_once('C:\\xampp\\htdocs...')
#6 {main}
ERROR - 2024-02-29 04:59:57 --> You have an error in your SQL syntax; check the manual that corresponds to your MariaDB server version for the right syntax to use near 'JOIN `user` ON `user`.`id_user` = `post`.`user_maker`
WHERE `post`.`album` = '1'' at line 4
CRITICAL - 2024-02-29 04:59:57 --> Call to a member function getResult() on bool
#0 C:\xampp\htdocs\fresa\app\Controllers\dashboard.php(62): App\Models\PostModel->getPostsByAlbumm('1', NULL)
#1 C:\xampp\htdocs\fresa\system\CodeIgniter.php(832): App\Controllers\dashboard->viewAlbum('1')
#2 C:\xampp\htdocs\fresa\system\CodeIgniter.php(419): CodeIgniter\CodeIgniter->runController(Object(App\Controllers\dashboard))
#3 C:\xampp\htdocs\fresa\system\CodeIgniter.php(326): CodeIgniter\CodeIgniter->handleRequest(NULL, Object(Config\Cache), false)
#4 C:\xampp\htdocs\fresa\public\index.php(37): CodeIgniter\CodeIgniter->run()
#5 C:\xampp\htdocs\fresa\system\Commands\Server\rewrite.php(43): require_once('C:\\xampp\\htdocs...')
#6 {main}
ERROR - 2024-02-29 05:02:47 --> You have an error in your SQL syntax; check the manual that corresponds to your MariaDB server version for the right syntax to use near 'JOIN `user` ON `user`.`id_user` = `post`.`user_maker`
WHERE `post`.`album` = '1'' at line 4
CRITICAL - 2024-02-29 05:02:47 --> Call to a member function getResult() on bool
#0 C:\xampp\htdocs\fresa\app\Controllers\dashboard.php(62): App\Models\PostModel->getPostsByAlbumm('1', NULL)
#1 C:\xampp\htdocs\fresa\system\CodeIgniter.php(832): App\Controllers\dashboard->viewAlbum('1')
#2 C:\xampp\htdocs\fresa\system\CodeIgniter.php(419): CodeIgniter\CodeIgniter->runController(Object(App\Controllers\dashboard))
#3 C:\xampp\htdocs\fresa\system\CodeIgniter.php(326): CodeIgniter\CodeIgniter->handleRequest(NULL, Object(Config\Cache), false)
#4 C:\xampp\htdocs\fresa\public\index.php(37): CodeIgniter\CodeIgniter->run()
#5 C:\xampp\htdocs\fresa\system\Commands\Server\rewrite.php(43): require_once('C:\\xampp\\htdocs...')
#6 {main}
ERROR - 2024-02-29 05:03:12 --> You have an error in your SQL syntax; check the manual that corresponds to your MariaDB server version for the right syntax to use near 'JOIN `user` ON `user`.`id_user` = `post`.`user_maker`
WHERE `post`.`album` = '2'' at line 4
CRITICAL - 2024-02-29 05:03:12 --> Call to a member function getResult() on bool
#0 C:\xampp\htdocs\fresa\app\Controllers\dashboard.php(62): App\Models\PostModel->getPostsByAlbumm('2', NULL)
#1 C:\xampp\htdocs\fresa\system\CodeIgniter.php(832): App\Controllers\dashboard->viewAlbum('2')
#2 C:\xampp\htdocs\fresa\system\CodeIgniter.php(419): CodeIgniter\CodeIgniter->runController(Object(App\Controllers\dashboard))
#3 C:\xampp\htdocs\fresa\system\CodeIgniter.php(326): CodeIgniter\CodeIgniter->handleRequest(NULL, Object(Config\Cache), false)
#4 C:\xampp\htdocs\fresa\public\index.php(37): CodeIgniter\CodeIgniter->run()
#5 C:\xampp\htdocs\fresa\system\Commands\Server\rewrite.php(43): require_once('C:\\xampp\\htdocs...')
#6 {main}
CRITICAL - 2024-02-29 05:35:52 --> Invalid file: login/view.php
#0 C:\xampp\htdocs\fresa\system\View\View.php(198): CodeIgniter\Exceptions\FrameworkException::forInvalidFile('login/view.php')
#1 C:\xampp\htdocs\fresa\system\Common.php(1089): CodeIgniter\View\View->render('login/view', Array, true)
#2 C:\xampp\htdocs\fresa\app\Controllers\Home.php(20): view('login/view')
#3 C:\xampp\htdocs\fresa\system\CodeIgniter.php(832): App\Controllers\Home->index()
#4 C:\xampp\htdocs\fresa\system\CodeIgniter.php(419): CodeIgniter\CodeIgniter->runController(Object(App\Controllers\Home))
#5 C:\xampp\htdocs\fresa\system\CodeIgniter.php(326): CodeIgniter\CodeIgniter->handleRequest(NULL, Object(Config\Cache), false)
#6 C:\xampp\htdocs\fresa\public\index.php(37): CodeIgniter\CodeIgniter->run()
#7 C:\xampp\htdocs\fresa\system\Commands\Server\rewrite.php(43): require_once('C:\\xampp\\htdocs...')
#8 {main}
ERROR - 2024-02-29 05:49:41 --> You have an error in your SQL syntax; check the manual that corresponds to your MariaDB server version for the right syntax to use near 'JOIN `user` ON `user`.`id_user` = `post`.`user_maker`
WHERE `post`.`album` = '1'' at line 4
CRITICAL - 2024-02-29 05:49:41 --> Call to a member function getResult() on bool
#0 C:\xampp\htdocs\fresa\app\Controllers\dashboard.php(62): App\Models\PostModel->getPostsByAlbumm('1', NULL)
#1 C:\xampp\htdocs\fresa\system\CodeIgniter.php(832): App\Controllers\dashboard->viewAlbum('1')
#2 C:\xampp\htdocs\fresa\system\CodeIgniter.php(419): CodeIgniter\CodeIgniter->runController(Object(App\Controllers\dashboard))
#3 C:\xampp\htdocs\fresa\system\CodeIgniter.php(326): CodeIgniter\CodeIgniter->handleRequest(NULL, Object(Config\Cache), false)
#4 C:\xampp\htdocs\fresa\public\index.php(37): CodeIgniter\CodeIgniter->run()
#5 C:\xampp\htdocs\fresa\system\Commands\Server\rewrite.php(43): require_once('C:\\xampp\\htdocs...')
#6 {main}
